11:48:28.446 [main] INFO  devp - Browser Opened !!
11:48:29.092 [main] INFO  devp - Email id  entered
11:48:29.614 [main] INFO  devp - Password entered
11:48:30.105 [main] INFO  devp - Successfully clicked on login button
11:49:27.256 [main] INFO  devp - Browser Opened !!
11:49:27.450 [main] INFO  devp - Email id  entered
11:49:27.548 [main] INFO  devp - Password  entered
11:49:27.608 [main] INFO  devp - Clicked on login button
11:49:28.586 [main] INFO  devp - Dashboard page verified
11:49:34.177 [main] INFO  devp - Clicked on Automation link
11:49:34.281 [main] INFO  devp - Clicked on create button
11:49:37.742 [main] INFO  devp - Page verified
11:49:38.269 [main] INFO  devp - Name Entered
11:49:38.365 [main] INFO  devp - Click on chose target
11:49:39.314 [main] INFO  devp - Chose target page verified
11:49:41.823 [main] INFO  devp - Select from list
11:49:43.930 [main] INFO  devp - Click on continue button
11:49:44.579 [main] INFO  devp - select end date
11:53:04.214 [main] INFO  devp - Browser Opened !!
11:53:05.178 [main] INFO  devp - Email id  entered
11:53:05.765 [main] INFO  devp - Password entered
11:53:06.314 [main] INFO  devp - Successfully clicked on login button
11:54:51.215 [main] INFO  devp - Browser Opened !!
11:54:51.408 [main] INFO  devp - Email id  entered
11:54:51.505 [main] INFO  devp - Password  entered
11:54:51.568 [main] INFO  devp - Clicked on login button
11:54:52.439 [main] INFO  devp - Dashboard page verified
11:54:58.480 [main] INFO  devp - Clicked on Automation link
11:54:58.585 [main] INFO  devp - Clicked on create button
11:55:02.076 [main] INFO  devp - Page verified
11:55:02.589 [main] INFO  devp - Name Entered
11:55:02.719 [main] INFO  devp - Click on chose target
11:55:03.659 [main] INFO  devp - Chose target page verified
11:55:06.113 [main] INFO  devp - Select from list
11:55:08.211 [main] INFO  devp - Click on continue button
11:55:08.873 [main] INFO  devp - select end date
12:14:31.653 [main] INFO  devp - Browser Opened !!
12:14:32.685 [main] INFO  devp - Email id  entered
12:14:33.362 [main] INFO  devp - Password entered
12:14:34.017 [main] INFO  devp - Successfully clicked on login button
12:15:25.747 [main] INFO  devp - Browser Opened !!
12:15:26.765 [main] INFO  devp - Email id  entered
12:15:27.361 [main] INFO  devp - Password entered
12:15:28.029 [main] INFO  devp - Successfully clicked on login button
12:15:57.565 [main] INFO  devp - Browser Opened !!
12:15:57.972 [main] INFO  devp - Email id  entered
12:15:58.217 [main] INFO  devp - Password  entered
12:15:58.320 [main] INFO  devp - Clicked on login button
12:15:59.741 [main] INFO  devp - Dashboard page verified
12:16:04.628 [main] INFO  devp - Clicked on Automation link
12:16:04.746 [main] INFO  devp - Clicked on create button
12:16:08.114 [main] INFO  devp - Page verified
12:16:08.532 [main] INFO  devp - Name Entered
12:16:08.605 [main] INFO  devp - Click on chose target
12:16:09.576 [main] INFO  devp - Chose target page verified
12:16:12.080 [main] INFO  devp - Select from list
12:16:14.191 [main] INFO  devp - Click on continue button
12:16:14.864 [main] INFO  devp - select end date
12:27:49.345 [main] INFO  devp - Browser Opened !!
12:27:49.602 [main] INFO  devp - Email id  entered
12:27:49.701 [main] INFO  devp - Password  entered
12:27:49.765 [main] INFO  devp - Clicked on login button
12:27:50.709 [main] INFO  devp - Dashboard page verified
12:27:56.230 [main] INFO  devp - Clicked on Automation link
12:27:56.335 [main] INFO  devp - Clicked on create button
12:27:59.772 [main] INFO  devp - Page verified
12:28:00.296 [main] INFO  devp - Name Entered
12:28:00.434 [main] INFO  devp - Click on chose target
12:28:01.512 [main] INFO  devp - Chose target page verified
12:28:04.047 [main] INFO  devp - Select from list
12:28:06.191 [main] INFO  devp - Click on continue button
12:28:06.881 [main] INFO  devp - select end date
19:49:41.456 [main] INFO  devp - Browser Opened !!
19:49:42.012 [main] INFO  devp - Email id  entered
19:49:42.309 [main] INFO  devp - Password  entered
19:49:42.522 [main] INFO  devp - Clicked on login button
19:49:43.485 [main] INFO  devp - Dashboard page verified
19:49:49.198 [main] INFO  devp - Clicked on Automation link
19:49:49.531 [main] INFO  devp - Clicked on create button
19:49:52.955 [main] INFO  devp - Page verified
19:50:16.789 [main] INFO  devp - Browser Opened !!
19:50:18.276 [main] INFO  devp - Email id  entered
19:50:19.134 [main] INFO  devp - Password entered
19:50:19.782 [main] INFO  devp - Successfully clicked on login button
19:54:03.943 [main] INFO  devp - Browser Opened !!
19:54:04.350 [main] INFO  devp - Email id  entered
19:54:04.618 [main] INFO  devp - Password  entered
19:54:04.744 [main] INFO  devp - Clicked on login button
19:54:05.832 [main] INFO  devp - Dashboard page verified
19:54:11.120 [main] INFO  devp - Clicked on Automation link
19:54:11.464 [main] INFO  devp - Clicked on create button
19:54:14.902 [main] INFO  devp - Page verified
19:54:34.216 [main] INFO  devp - Browser Opened !!
19:55:34.014 [main] INFO  devp - Browser Opened !!
19:55:34.581 [main] INFO  devp - Email id  entered
19:55:34.834 [main] INFO  devp - Password  entered
19:55:34.965 [main] INFO  devp - Clicked on login button
19:55:36.694 [main] INFO  devp - Dashboard page verified
19:55:43.812 [main] INFO  devp - Clicked on Automation link
19:55:44.075 [main] INFO  devp - Clicked on create button
19:55:47.943 [main] INFO  devp - Page verified
19:55:48.489 [main] INFO  devp - Name Entered
19:55:48.679 [main] INFO  devp - Click on chose target
19:55:49.690 [main] INFO  devp - Chose target page verified
19:55:52.292 [main] INFO  devp - Select from list
19:55:54.554 [main] INFO  devp - Click on continue button
19:56:14.763 [main] INFO  devp - Browser Opened !!
19:56:16.861 [main] INFO  devp - Email id  entered
19:56:17.561 [main] INFO  devp - Password entered
19:56:18.091 [main] INFO  devp - Successfully clicked on login button
19:57:02.637 [main] INFO  devp - Browser Opened !!
19:57:03.075 [main] INFO  devp - Email id  entered
19:57:03.301 [main] INFO  devp - Password  entered
19:57:03.422 [main] INFO  devp - Clicked on login button
19:57:04.791 [main] INFO  devp - Dashboard page verified
19:57:10.790 [main] INFO  devp - Clicked on Automation link
19:57:11.157 [main] INFO  devp - Clicked on create button
19:57:14.568 [main] INFO  devp - Page verified
19:57:35.921 [main] INFO  devp - Browser Opened !!
19:57:38.217 [main] INFO  devp - Email id  entered
19:57:38.855 [main] INFO  devp - Password entered
19:57:39.437 [main] INFO  devp - Successfully clicked on login button
19:57:40.853 [main] INFO  devp - Email id  entered
19:57:42.314 [main] INFO  devp - Password entered
19:58:43.636 [main] INFO  devp - Browser Opened !!
19:58:44.138 [main] INFO  devp - Email id  entered
19:58:44.338 [main] INFO  devp - Password  entered
19:58:44.449 [main] INFO  devp - Clicked on login button
19:58:45.379 [main] INFO  devp - Dashboard page verified
19:58:51.176 [main] INFO  devp - Clicked on Automation link
19:58:51.977 [main] INFO  devp - Clicked on create button
19:58:55.424 [main] INFO  devp - Page verified
19:59:26.416 [main] INFO  devp - Browser Opened !!
19:59:27.241 [main] INFO  devp - Email id  entered
19:59:27.970 [main] INFO  devp - Password entered
19:59:28.530 [main] INFO  devp - Successfully clicked on login button
19:59:56.216 [main] INFO  devp - Browser Opened !!
19:59:57.275 [main] INFO  devp - Email id  entered
19:59:58.000 [main] INFO  devp - Password entered
19:59:58.674 [main] INFO  devp - Successfully clicked on login button
23:47:43.263 [main] INFO  devp - Browser Opened !!
23:47:44.128 [main] INFO  devp - Email id  entered
23:47:44.784 [main] INFO  devp - Password entered
23:47:45.352 [main] INFO  devp - Successfully clicked on login button
23:47:53.185 [main] INFO  devp - Browser Opened !!
23:47:53.812 [main] INFO  devp - Email id  entered
23:47:54.311 [main] INFO  devp - Password entered
23:47:54.794 [main] INFO  devp - Successfully clicked on login button
23:49:20.679 [main] INFO  devp - Browser Opened !!
23:49:20.907 [main] INFO  devp - Email id  entered
23:49:21.036 [main] INFO  devp - Password  entered
23:49:21.094 [main] INFO  devp - Clicked on login button
23:49:22.016 [main] INFO  devp - Dashboard page verified
23:49:27.023 [main] INFO  devp - Clicked on Automation link
23:49:27.133 [main] INFO  devp - Clicked on create button
23:49:30.551 [main] INFO  devp - Page verified
23:49:30.978 [main] INFO  devp - Name Entered
23:49:31.052 [main] INFO  devp - Click on chose target
23:49:31.978 [main] INFO  devp - Chose target page verified
23:49:34.505 [main] INFO  devp - Select from list
23:49:36.639 [main] INFO  devp - Click on continue button
23:49:37.276 [main] INFO  devp - select end date
23:49:44.043 [main] INFO  devp - Browser Opened !!
23:49:44.817 [main] INFO  devp - Email id  entered
23:49:45.388 [main] INFO  devp - Password entered
23:49:45.923 [main] INFO  devp - Successfully clicked on login button
23:49:54.164 [main] INFO  devp - Browser Opened !!
23:49:54.848 [main] INFO  devp - Email id  entered
23:49:55.413 [main] INFO  devp - Password entered
23:49:56.138 [main] INFO  devp - Successfully clicked on login button
13:05:36.843 [main] INFO  devp - Browser Opened !!
13:05:37.114 [main] INFO  devp - Email id  entered
13:05:37.276 [main] INFO  devp - Password  entered
13:05:37.401 [main] INFO  devp - Clicked on login button
13:05:38.505 [main] INFO  devp - Dashboard page verified
13:05:44.572 [main] INFO  devp - Clicked on Automation link
13:05:44.674 [main] INFO  devp - Clicked on create button
13:05:48.142 [main] INFO  devp - Page verified
13:05:48.640 [main] INFO  devp - Name Entered
13:05:48.714 [main] INFO  devp - Click on chose target
13:05:49.750 [main] INFO  devp - Chose target page verified
13:05:52.257 [main] INFO  devp - Select from list
13:05:54.370 [main] INFO  devp - Click on continue button
13:05:55.112 [main] INFO  devp - select end date
13:06:29.556 [main] INFO  devp - Browser Opened !!
13:06:29.783 [main] INFO  devp - Email id  entered
13:06:29.921 [main] INFO  devp - Password  entered
13:06:30.037 [main] INFO  devp - Clicked on login button
13:06:31.122 [main] INFO  devp - Dashboard page verified
13:06:37.077 [main] INFO  devp - Clicked on Automation link
13:06:37.183 [main] INFO  devp - Clicked on create button
13:06:40.630 [main] INFO  devp - Page verified
13:06:41.171 [main] INFO  devp - Name Entered
13:06:41.305 [main] INFO  devp - Click on chose target
13:06:42.285 [main] INFO  devp - Chose target page verified
13:06:44.772 [main] INFO  devp - Select from list
13:06:46.893 [main] INFO  devp - Click on continue button
13:06:47.529 [main] INFO  devp - select end date
13:32:23.645 [main] INFO  devp - Browser Opened !!
13:32:23.902 [main] INFO  devp - Email id  entered
13:32:24.044 [main] INFO  devp - Password  entered
13:32:24.162 [main] INFO  devp - Clicked on login button
13:32:25.243 [main] INFO  devp - Dashboard page verified
13:32:30.606 [main] INFO  devp - Clicked on Automation link
13:32:30.711 [main] INFO  devp - Clicked on create button
13:32:34.147 [main] INFO  devp - Page verified
13:32:34.651 [main] INFO  devp - Name Entered
13:32:34.779 [main] INFO  devp - Click on chose target
13:32:35.846 [main] INFO  devp - Chose target page verified
13:32:38.340 [main] INFO  devp - Select from list
13:32:40.468 [main] INFO  devp - Click on continue button
13:32:41.167 [main] INFO  devp - select end date
13:33:19.903 [main] INFO  devp - Browser Opened !!
13:33:20.133 [main] INFO  devp - Email id  entered
13:33:20.266 [main] INFO  devp - Password  entered
13:33:20.331 [main] INFO  devp - Clicked on login button
13:33:21.390 [main] INFO  devp - Dashboard page verified
13:33:27.095 [main] INFO  devp - Clicked on Automation link
13:33:27.197 [main] INFO  devp - Clicked on create button
13:33:30.554 [main] INFO  devp - Page verified
13:33:30.974 [main] INFO  devp - Name Entered
13:33:31.051 [main] INFO  devp - Click on chose target
13:33:31.936 [main] INFO  devp - Chose target page verified
13:33:34.422 [main] INFO  devp - Select from list
13:33:36.541 [main] INFO  devp - Click on continue button
13:33:37.206 [main] INFO  devp - select end date
19:16:03.621 [main] INFO  devp - Browser Opened !!
19:16:03.871 [main] INFO  devp - Email id  entered
19:16:04.015 [main] INFO  devp - Password  entered
19:16:04.129 [main] INFO  devp - Clicked on login button
19:16:05.153 [main] INFO  devp - Dashboard page verified
19:16:11.261 [main] INFO  devp - Clicked on Automation link
19:16:11.367 [main] INFO  devp - Clicked on create button
19:16:14.828 [main] INFO  devp - Page verified
19:16:15.329 [main] INFO  devp - Name Entered
19:16:15.472 [main] INFO  devp - Click on chose target
19:16:16.556 [main] INFO  devp - Chose target page verified
19:16:19.043 [main] INFO  devp - Select from list
19:16:21.159 [main] INFO  devp - Click on continue button
19:16:21.781 [main] INFO  devp - select end date
19:17:56.136 [main] INFO  devp - Browser Opened !!
19:17:56.404 [main] INFO  devp - Email id  entered
19:17:56.564 [main] INFO  devp - Password  entered
19:17:56.665 [main] INFO  devp - Clicked on login button
19:17:57.709 [main] INFO  devp - Dashboard page verified
19:18:03.386 [main] INFO  devp - Clicked on Automation link
19:19:15.981 [main] INFO  devp - Browser Opened !!
19:19:16.155 [main] INFO  devp - Email id  entered
19:19:16.251 [main] INFO  devp - Password  entered
19:19:16.314 [main] INFO  devp - Clicked on login button
19:19:17.112 [main] INFO  devp - Dashboard page verified
19:19:22.545 [main] INFO  devp - Clicked on Automation link
19:19:22.675 [main] INFO  devp - Clicked on create button
19:19:26.090 [main] INFO  devp - Page verified
19:19:26.619 [main] INFO  devp - Name Entered
19:19:26.704 [main] INFO  devp - Click on chose target
19:19:27.691 [main] INFO  devp - Chose target page verified
19:19:30.171 [main] INFO  devp - Select from list
19:19:32.281 [main] INFO  devp - Click on continue button
19:19:32.955 [main] INFO  devp - select end date
19:21:30.767 [main] INFO  devp - Browser Opened !!
19:21:30.932 [main] INFO  devp - Email id  entered
19:21:31.021 [main] INFO  devp - Password  entered
19:21:31.079 [main] INFO  devp - Clicked on login button
19:21:31.857 [main] INFO  devp - Dashboard page verified
19:21:39.429 [main] INFO  devp - Clicked on Automation link
19:21:39.537 [main] INFO  devp - Clicked on create button
19:21:42.988 [main] INFO  devp - Page verified
19:21:43.503 [main] INFO  devp - Name Entered
19:21:43.635 [main] INFO  devp - Click on chose target
19:21:44.603 [main] INFO  devp - Chose target page verified
19:21:47.083 [main] INFO  devp - Select from list
19:21:49.206 [main] INFO  devp - Click on continue button
19:21:49.849 [main] INFO  devp - select end date
13:27:33.234 [main] INFO  devp - Browser Opened !!
13:27:33.474 [main] INFO  devp - Email id  entered
13:27:33.565 [main] INFO  devp - Password  entered
13:27:33.644 [main] INFO  devp - Clicked on login button
13:27:34.724 [main] INFO  devp - Dashboard page verified
13:27:39.791 [main] INFO  devp - Clicked on Automation link
13:27:39.899 [main] INFO  devp - Clicked on create button
13:27:43.362 [main] INFO  devp - Page verified
13:27:43.857 [main] INFO  devp - Name Entered
13:27:43.983 [main] INFO  devp - Click on chose target
13:27:44.911 [main] INFO  devp - Chose target page verified
13:27:47.370 [main] INFO  devp - Select from list
13:27:49.430 [main] INFO  devp - Click on continue button
13:27:50.078 [main] INFO  devp - select end date
13:55:56.210 [main] INFO  devp - Browser Opened !!
13:55:56.417 [main] INFO  devp - Email id  entered
13:55:56.545 [main] INFO  devp - Password  entered
13:55:56.651 [main] INFO  devp - Clicked on login button
13:55:57.668 [main] INFO  devp - Dashboard page verified
13:56:02.723 [main] INFO  devp - Clicked on Automation link
13:56:02.825 [main] INFO  devp - Clicked on create button
13:56:06.189 [main] INFO  devp - Page verified
13:56:06.615 [main] INFO  devp - Name Entered
13:56:06.689 [main] INFO  devp - Click on chose target
13:56:07.608 [main] INFO  devp - Chose target page verified
13:56:10.080 [main] INFO  devp - Select from list
13:56:12.205 [main] INFO  devp - Click on continue button
13:56:12.895 [main] INFO  devp - select end date
16:10:40.094 [main] INFO  devp - Browser Opened !!
16:10:40.349 [main] INFO  devp - Email id  entered
16:10:40.480 [main] INFO  devp - Password  entered
16:10:40.598 [main] INFO  devp - Clicked on login button
16:10:41.508 [main] INFO  devp - Dashboard page verified
16:10:47.569 [main] INFO  devp - Clicked on Automation link
16:10:47.671 [main] INFO  devp - Clicked on create button
16:10:51.086 [main] INFO  devp - Page verified
16:10:51.557 [main] INFO  devp - Name Entered
16:10:51.684 [main] INFO  devp - Click on chose target
16:10:52.656 [main] INFO  devp - Chose target page verified
16:10:55.141 [main] INFO  devp - Select from list
16:10:57.274 [main] INFO  devp - Click on continue button
16:10:57.948 [main] INFO  devp - select end date
16:14:21.871 [main] INFO  devp - Browser Opened !!
16:14:22.089 [main] INFO  devp - Email id  entered
16:14:22.220 [main] INFO  devp - Password  entered
16:14:22.303 [main] INFO  devp - Clicked on login button
16:14:23.418 [main] INFO  devp - Dashboard page verified
16:14:28.909 [main] INFO  devp - Clicked on Automation link
16:14:29.017 [main] INFO  devp - Clicked on create button
16:14:32.440 [main] INFO  devp - Page verified
16:14:32.956 [main] INFO  devp - Name Entered
16:14:33.082 [main] INFO  devp - Click on chose target
16:14:34.840 [main] INFO  devp - Chose target page verified
16:14:37.340 [main] INFO  devp - Select from list
16:14:39.467 [main] INFO  devp - Click on continue button
16:14:40.139 [main] INFO  devp - select end date
16:18:18.434 [main] INFO  devp - Browser Opened !!
16:18:18.686 [main] INFO  devp - Email id  entered
16:18:18.784 [main] INFO  devp - Password  entered
16:18:18.895 [main] INFO  devp - Clicked on login button
16:18:20.053 [main] INFO  devp - Dashboard page verified
16:18:25.512 [main] INFO  devp - Clicked on Automation link
16:18:25.612 [main] INFO  devp - Clicked on create button
16:18:29.071 [main] INFO  devp - Page verified
16:18:29.577 [main] INFO  devp - Name Entered
16:18:29.705 [main] INFO  devp - Click on chose target
16:18:30.705 [main] INFO  devp - Chose target page verified
16:18:33.198 [main] INFO  devp - Select from list
16:18:35.321 [main] INFO  devp - Click on continue button
16:18:36.294 [main] INFO  devp - select end date
17:13:05.856 [main] INFO  devp - Browser Opened !!
17:13:06.106 [main] INFO  devp - Email id  entered
17:13:06.252 [main] INFO  devp - Password  entered
17:13:06.359 [main] INFO  devp - Clicked on login button
17:13:07.375 [main] INFO  devp - Dashboard page verified
17:13:13.910 [main] INFO  devp - Clicked on Automation link
17:13:14.026 [main] INFO  devp - Clicked on create button
17:13:17.447 [main] INFO  devp - Page verified
17:13:17.962 [main] INFO  devp - Name Entered
17:13:18.092 [main] INFO  devp - Click on chose target
17:13:19.086 [main] INFO  devp - Chose target page verified
17:13:21.574 [main] INFO  devp - Select from list
17:13:23.701 [main] INFO  devp - Click on continue button
17:13:24.496 [main] INFO  devp - select end date
19:05:44.588 [main] INFO  devp - Browser Opened !!
19:05:45.407 [main] INFO  devp - Email id  entered
19:05:45.970 [main] INFO  devp - Password entered
19:05:46.479 [main] INFO  devp - Successfully clicked on login button
19:05:58.759 [main] INFO  devp - Browser Opened !!
19:05:59.424 [main] INFO  devp - Email id  entered
19:05:59.967 [main] INFO  devp - Password entered
19:06:00.447 [main] INFO  devp - Successfully clicked on login button
19:35:00.863 [main] INFO  devp - Browser Opened !!
19:35:01.115 [main] INFO  devp - Email id  entered
19:35:01.256 [main] INFO  devp - Password  entered
19:35:01.370 [main] INFO  devp - Clicked on login button
19:35:02.487 [main] INFO  devp - Dashboard page verified
19:35:08.020 [main] INFO  devp - Clicked on Automation link
19:35:08.138 [main] INFO  devp - Clicked on create button
19:35:11.587 [main] INFO  devp - Page verified
19:35:12.116 [main] INFO  devp - Name Entered
19:35:12.246 [main] INFO  devp - Click on chose target
19:35:13.235 [main] INFO  devp - Chose target page verified
19:35:15.751 [main] INFO  devp - Select from list
19:35:17.869 [main] INFO  devp - Click on continue button
19:35:18.523 [main] INFO  devp - select end date
00:15:58.596 [main] INFO  devp - Browser Opened !!
00:15:59.116 [main] INFO  devp - Email id  entered
00:15:59.431 [main] INFO  devp - Password  entered
00:15:59.646 [main] INFO  devp - Clicked on login button
00:16:01.357 [main] INFO  devp - Dashboard page verified
00:16:06.750 [main] INFO  devp - Clicked on Automation link
00:16:06.957 [main] INFO  devp - Clicked on create button
00:16:10.577 [main] INFO  devp - Page verified
00:16:11.400 [main] INFO  devp - Name Entered
00:16:11.599 [main] INFO  devp - Click on chose target
00:16:12.906 [main] INFO  devp - Chose target page verified
00:16:15.656 [main] INFO  devp - Select from list
00:16:17.795 [main] INFO  devp - Click on continue button
00:16:19.052 [main] INFO  devp - select end date
00:19:49.609 [main] INFO  devp - Browser Opened !!
00:19:50.034 [main] INFO  devp - Email id  entered
00:19:50.196 [main] INFO  devp - Password  entered
00:19:50.323 [main] INFO  devp - Clicked on login button
00:19:51.781 [main] INFO  devp - Dashboard page verified
00:19:56.644 [main] INFO  devp - Clicked on Automation link
00:19:56.812 [main] INFO  devp - Clicked on create button
00:20:00.358 [main] INFO  devp - Page verified
00:20:01.049 [main] INFO  devp - Name Entered
00:20:01.189 [main] INFO  devp - Click on chose target
00:20:02.473 [main] INFO  devp - Chose target page verified
00:20:05.161 [main] INFO  devp - Select from list
00:20:07.295 [main] INFO  devp - Click on continue button
00:20:08.258 [main] INFO  devp - select end date
00:22:57.274 [main] INFO  devp - Browser Opened !!
00:22:57.808 [main] INFO  devp - Email id  entered
00:22:58.082 [main] INFO  devp - Password  entered
00:22:58.273 [main] INFO  devp - Clicked on login button
00:23:00.124 [main] INFO  devp - Dashboard page verified
00:23:05.125 [main] INFO  devp - Clicked on Automation link
00:23:05.334 [main] INFO  devp - Clicked on create button
00:23:08.835 [main] INFO  devp - Page verified
00:23:09.474 [main] INFO  devp - Name Entered
00:23:09.635 [main] INFO  devp - Click on chose target
00:23:10.794 [main] INFO  devp - Chose target page verified
00:23:13.471 [main] INFO  devp - Select from list
00:23:15.615 [main] INFO  devp - Click on continue button
00:23:16.596 [main] INFO  devp - select end date
00:45:33.352 [main] INFO  devp - Browser Opened !!
00:45:33.701 [main] INFO  devp - Email id  entered
00:45:33.789 [main] INFO  devp - Password  entered
00:45:33.848 [main] INFO  devp - Clicked on login button
00:45:35.075 [main] INFO  devp - Dashboard page verified
00:45:39.669 [main] INFO  devp - Clicked on Automation link
00:45:39.826 [main] INFO  devp - Clicked on create button
00:45:43.175 [main] INFO  devp - Page verified
00:45:43.604 [main] INFO  devp - Name Entered
00:45:43.678 [main] INFO  devp - Click on chose target
00:45:44.561 [main] INFO  devp - Chose target page verified
00:45:46.989 [main] INFO  devp - Select from list
00:45:49.059 [main] INFO  devp - Click on continue button
00:45:49.567 [main] INFO  devp - select end date
00:50:31.249 [main] INFO  devp - Browser Opened !!
00:50:31.444 [main] INFO  devp - Email id  entered
00:50:31.535 [main] INFO  devp - Password  entered
00:50:31.591 [main] INFO  devp - Clicked on login button
00:50:32.526 [main] INFO  devp - Dashboard page verified
00:50:37.344 [main] INFO  devp - Clicked on Automation link
00:50:37.443 [main] INFO  devp - Clicked on create button
00:50:40.860 [main] INFO  devp - Page verified
00:50:41.278 [main] INFO  devp - Name Entered
00:50:41.348 [main] INFO  devp - Click on chose target
00:50:42.376 [main] INFO  devp - Chose target page verified
00:50:44.787 [main] INFO  devp - Select from list
00:50:46.849 [main] INFO  devp - Click on continue button
00:50:47.358 [main] INFO  devp - select end date
01:01:59.250 [main] INFO  devp - Browser Opened !!
01:01:59.459 [main] INFO  devp - Email id  entered
01:01:59.552 [main] INFO  devp - Password  entered
01:01:59.611 [main] INFO  devp - Clicked on login button
01:02:00.521 [main] INFO  devp - Dashboard page verified
01:02:06.016 [main] INFO  devp - Clicked on Automation link
01:02:06.134 [main] INFO  devp - Clicked on create button
01:02:09.497 [main] INFO  devp - Page verified
01:02:09.931 [main] INFO  devp - Name Entered
01:02:09.989 [main] INFO  devp - Click on chose target
01:02:10.896 [main] INFO  devp - Chose target page verified
01:02:13.465 [main] INFO  devp - Select from list
01:02:15.550 [main] INFO  devp - Click on continue button
01:02:16.181 [main] INFO  devp - select end date
01:05:10.483 [main] INFO  devp - Browser Opened !!
01:05:10.692 [main] INFO  devp - Email id  entered
01:05:10.783 [main] INFO  devp - Password  entered
01:05:10.841 [main] INFO  devp - Clicked on login button
01:05:11.685 [main] INFO  devp - Dashboard page verified
01:05:17.576 [main] INFO  devp - Clicked on Automation link
01:05:17.679 [main] INFO  devp - Clicked on create button
01:05:21.046 [main] INFO  devp - Page verified
01:05:21.463 [main] INFO  devp - Name Entered
01:05:21.538 [main] INFO  devp - Click on chose target
01:05:22.476 [main] INFO  devp - Chose target page verified
01:05:24.941 [main] INFO  devp - Select from list
01:05:27.013 [main] INFO  devp - Click on continue button
01:05:27.520 [main] INFO  devp - select end date
01:06:46.423 [main] INFO  devp - Browser Opened !!
01:06:46.620 [main] INFO  devp - Email id  entered
01:06:46.715 [main] INFO  devp - Password  entered
01:06:46.774 [main] INFO  devp - Clicked on login button
01:06:47.636 [main] INFO  devp - Dashboard page verified
01:06:53.074 [main] INFO  devp - Clicked on Automation link
01:06:53.179 [main] INFO  devp - Clicked on create button
01:06:56.556 [main] INFO  devp - Page verified
01:06:57.044 [main] INFO  devp - Name Entered
01:06:57.105 [main] INFO  devp - Click on chose target
01:06:58.067 [main] INFO  devp - Chose target page verified
01:07:00.538 [main] INFO  devp - Select from list
01:07:02.608 [main] INFO  devp - Click on continue button
01:07:03.504 [main] INFO  devp - select end date
01:14:19.171 [main] INFO  devp - Browser Opened !!
01:14:19.366 [main] INFO  devp - Email id  entered
01:14:19.458 [main] INFO  devp - Password  entered
01:14:19.519 [main] INFO  devp - Clicked on login button
01:14:20.353 [main] INFO  devp - Dashboard page verified
01:14:26.224 [main] INFO  devp - Clicked on Automation link
01:14:26.328 [main] INFO  devp - Clicked on create button
01:14:29.678 [main] INFO  devp - Page verified
01:14:30.103 [main] INFO  devp - Name Entered
01:14:30.173 [main] INFO  devp - Click on chose target
01:14:31.098 [main] INFO  devp - Chose target page verified
01:14:33.533 [main] INFO  devp - Select from list
01:14:35.599 [main] INFO  devp - Click on continue button
01:14:36.629 [main] INFO  devp - select end date
01:16:10.328 [main] INFO  devp - Browser Opened !!
01:16:10.516 [main] INFO  devp - Email id  entered
01:16:10.610 [main] INFO  devp - Password  entered
01:16:10.670 [main] INFO  devp - Clicked on login button
01:16:11.562 [main] INFO  devp - Dashboard page verified
01:16:17.042 [main] INFO  devp - Clicked on Automation link
01:16:17.151 [main] INFO  devp - Clicked on create button
01:16:20.557 [main] INFO  devp - Page verified
01:16:22.103 [main] INFO  devp - Name Entered
01:16:22.166 [main] INFO  devp - Click on chose target
01:16:23.124 [main] INFO  devp - Chose target page verified
01:16:25.553 [main] INFO  devp - Select from list
01:16:27.619 [main] INFO  devp - Click on continue button
01:16:28.155 [main] INFO  devp - select end date
01:19:09.993 [main] INFO  devp - Browser Opened !!
01:19:10.190 [main] INFO  devp - Email id  entered
01:19:10.281 [main] INFO  devp - Password  entered
01:19:10.338 [main] INFO  devp - Clicked on login button
01:19:11.202 [main] INFO  devp - Dashboard page verified
01:19:16.948 [main] INFO  devp - Clicked on Automation link
01:19:17.054 [main] INFO  devp - Clicked on create button
01:19:20.433 [main] INFO  devp - Page verified
01:19:20.930 [main] INFO  devp - Name Entered
01:19:20.998 [main] INFO  devp - Click on chose target
01:19:21.965 [main] INFO  devp - Chose target page verified
01:19:24.463 [main] INFO  devp - Select from list
01:19:26.532 [main] INFO  devp - Click on continue button
01:19:27.047 [main] INFO  devp - select end date
01:23:15.940 [main] INFO  devp - Browser Opened !!
01:23:16.131 [main] INFO  devp - Email id  entered
01:23:16.222 [main] INFO  devp - Password  entered
01:23:16.281 [main] INFO  devp - Clicked on login button
01:23:17.287 [main] INFO  devp - Dashboard page verified
01:23:22.631 [main] INFO  devp - Clicked on Automation link
01:23:22.731 [main] INFO  devp - Clicked on create button
01:23:26.106 [main] INFO  devp - Page verified
01:23:26.554 [main] INFO  devp - Name Entered
01:23:26.625 [main] INFO  devp - Click on chose target
01:23:27.505 [main] INFO  devp - Chose target page verified
01:23:29.918 [main] INFO  devp - Select from list
01:23:31.989 [main] INFO  devp - Click on continue button
01:23:32.517 [main] INFO  devp - select end date
01:27:37.401 [main] INFO  devp - Browser Opened !!
14:35:52.007 [main] INFO  devp - Browser Opened !!
14:35:52.295 [main] INFO  devp - Email id  entered
14:35:52.388 [main] INFO  devp - Password  entered
14:35:52.452 [main] INFO  devp - Clicked on login button
14:35:53.483 [main] INFO  devp - Dashboard page verified
14:36:00.531 [main] INFO  devp - Clicked on Automation link
14:36:00.640 [main] INFO  devp - Clicked on create button
14:36:04.015 [main] INFO  devp - Page verified
14:36:04.527 [main] INFO  devp - Name Entered
14:36:04.659 [main] INFO  devp - Click on chose target
14:36:06.254 [main] INFO  devp - Chose target page verified
14:36:08.708 [main] INFO  devp - Select from list
14:36:10.780 [main] INFO  devp - Click on continue button
14:36:11.394 [main] INFO  devp - select end date
14:39:01.072 [main] INFO  devp - Browser Opened !!
14:39:01.912 [main] INFO  devp - Email id  entered
14:39:02.564 [main] INFO  devp - Password entered
14:39:03.217 [main] INFO  devp - Successfully clicked on login button
14:39:13.744 [main] INFO  devp - Browser Opened !!
14:39:14.377 [main] INFO  devp - Email id  entered
14:39:15.014 [main] INFO  devp - Password entered
14:39:15.773 [main] INFO  devp - Successfully clicked on login button
15:15:09.277 [main] INFO  devp - Browser Opened !!
15:15:09.507 [main] INFO  devp - Email id  entered
15:15:09.597 [main] INFO  devp - Password  entered
15:15:09.703 [main] INFO  devp - Clicked on login button
15:15:10.752 [main] INFO  devp - Dashboard page verified
15:15:16.686 [main] INFO  devp - Clicked on Automation link
15:15:16.793 [main] INFO  devp - Clicked on create button
15:15:20.244 [main] INFO  devp - Page verified
15:15:20.791 [main] INFO  devp - Name Entered
15:15:20.908 [main] INFO  devp - Click on chose target
15:15:21.864 [main] INFO  devp - Chose target page verified
15:15:24.355 [main] INFO  devp - Select from list
15:15:26.489 [main] INFO  devp - Click on continue button
15:15:27.148 [main] INFO  devp - select end date
15:18:05.127 [main] INFO  devp - Browser Opened !!
15:18:05.428 [main] INFO  devp - Email id  entered
15:18:05.578 [main] INFO  devp - Password  entered
15:18:05.674 [main] INFO  devp - Clicked on login button
15:18:06.783 [main] INFO  devp - Dashboard page verified
15:18:12.445 [main] INFO  devp - Clicked on Automation link
15:18:26.743 [main] INFO  devp - Clicked on create button
15:18:30.156 [main] INFO  devp - Page verified
15:18:30.684 [main] INFO  devp - Name Entered
15:18:30.816 [main] INFO  devp - Click on chose target
15:18:31.828 [main] INFO  devp - Chose target page verified
15:18:34.337 [main] INFO  devp - Select from list
15:18:36.453 [main] INFO  devp - Click on continue button
15:18:37.112 [main] INFO  devp - select end date
17:04:06.648 [main] INFO  devp - Browser Opened !!
17:04:07.006 [main] INFO  devp - Email id  entered
17:04:07.216 [main] INFO  devp - Password  entered
17:04:07.357 [main] INFO  devp - Clicked on login button
17:04:08.830 [main] INFO  devp - Dashboard page verified
17:04:15.546 [main] INFO  devp - Clicked on Automation link
17:04:15.906 [main] INFO  devp - Clicked on create button
17:04:19.419 [main] INFO  devp - Page verified
17:04:20.118 [main] INFO  devp - Name Entered
17:04:20.288 [main] INFO  devp - Click on chose target
17:04:21.643 [main] INFO  devp - Chose target page verified
17:04:24.357 [main] INFO  devp - Select from list
17:04:26.496 [main] INFO  devp - Click on continue button
17:04:27.504 [main] INFO  devp - select end date
17:04:56.567 [main] INFO  devp - Browser Opened !!
17:04:56.974 [main] INFO  devp - Email id  entered
17:04:57.258 [main] INFO  devp - Password  entered
17:04:57.508 [main] INFO  devp - Clicked on login button
17:04:59.515 [main] INFO  devp - Dashboard page verified
17:05:04.456 [main] INFO  devp - Clicked on Automation link
17:05:04.605 [main] INFO  devp - Clicked on create button
17:05:08.000 [main] INFO  devp - Page verified
17:05:08.555 [main] INFO  devp - Name Entered
17:05:08.648 [main] INFO  devp - Click on chose target
17:05:10.126 [main] INFO  devp - Chose target page verified
17:05:12.827 [main] INFO  devp - Select from list
17:05:14.956 [main] INFO  devp - Click on continue button
17:05:16.029 [main] INFO  devp - select end date
17:07:48.712 [main] INFO  devp - Browser Opened !!
17:07:49.085 [main] INFO  devp - Email id  entered
17:07:49.262 [main] INFO  devp - Password  entered
17:07:49.393 [main] INFO  devp - Clicked on login button
17:07:50.957 [main] INFO  devp - Dashboard page verified
17:07:56.945 [main] INFO  devp - Clicked on Automation link
17:07:57.124 [main] INFO  devp - Clicked on create button
17:08:00.686 [main] INFO  devp - Page verified
17:08:01.388 [main] INFO  devp - Name Entered
17:08:01.557 [main] INFO  devp - Click on chose target
17:08:03.377 [main] INFO  devp - Chose target page verified
17:08:06.114 [main] INFO  devp - Select from list
17:08:08.226 [main] INFO  devp - Click on continue button
17:08:09.235 [main] INFO  devp - select end date
17:08:45.583 [main] INFO  devp - Browser Opened !!
17:08:46.183 [main] INFO  devp - Email id  entered
17:08:46.486 [main] INFO  devp - Password  entered
17:08:46.747 [main] INFO  devp - Clicked on login button
17:08:48.648 [main] INFO  devp - Dashboard page verified
17:08:54.229 [main] INFO  devp - Clicked on Automation link
17:08:54.397 [main] INFO  devp - Clicked on create button
17:08:57.890 [main] INFO  devp - Page verified
17:08:58.538 [main] INFO  devp - Name Entered
17:08:58.711 [main] INFO  devp - Click on chose target
17:09:00.156 [main] INFO  devp - Chose target page verified
17:09:02.877 [main] INFO  devp - Select from list
17:09:05.007 [main] INFO  devp - Click on continue button
17:09:05.997 [main] INFO  devp - select end date
17:35:53.779 [main] INFO  devp - Browser Opened !!
17:35:54.015 [main] INFO  devp - Email id  entered
17:35:54.116 [main] INFO  devp - Password  entered
17:35:54.187 [main] INFO  devp - Clicked on login button
17:35:55.025 [main] INFO  devp - Dashboard page verified
17:35:59.968 [main] INFO  devp - Clicked on Automation link
17:36:00.072 [main] INFO  devp - Clicked on create button
17:36:03.472 [main] INFO  devp - Page verified
17:36:03.888 [main] INFO  devp - Name Entered
17:36:03.968 [main] INFO  devp - Click on chose target
17:36:04.912 [main] INFO  devp - Chose target page verified
17:36:07.346 [main] INFO  devp - Select from list
17:36:09.409 [main] INFO  devp - Click on continue button
17:36:09.906 [main] INFO  devp - select end date
17:36:11.526 [main] INFO  devp - Click add campaign button
17:36:12.122 [main] INFO  devp - chose your target is verified
17:36:18.746 [main] INFO  devp - Entered the campaign info
17:36:19.968 [main] INFO  devp - Template is selected
17:36:46.018 [main] INFO  devp - Browser Opened !!
17:36:46.214 [main] INFO  devp - Email id  entered
17:36:46.304 [main] INFO  devp - Password  entered
17:36:46.363 [main] INFO  devp - Clicked on login button
17:36:47.234 [main] INFO  devp - Dashboard page verified
17:36:52.003 [main] INFO  devp - Clicked on Automation link
17:36:52.108 [main] INFO  devp - Clicked on create button
17:36:55.493 [main] INFO  devp - Page verified
17:36:55.902 [main] INFO  devp - Name Entered
17:36:55.977 [main] INFO  devp - Click on chose target
17:36:56.930 [main] INFO  devp - Chose target page verified
17:36:59.340 [main] INFO  devp - Select from list
17:37:01.402 [main] INFO  devp - Click on continue button
17:37:02.893 [main] INFO  devp - select end date
17:37:04.559 [main] INFO  devp - Click add campaign button
17:37:05.142 [main] INFO  devp - chose your target is verified
17:37:11.755 [main] INFO  devp - Entered the campaign info
17:37:12.935 [main] INFO  devp - Template is selected
17:37:40.302 [main] INFO  devp - Browser Opened !!
17:37:40.886 [main] INFO  devp - Email id  entered
17:37:41.380 [main] INFO  devp - Password entered
17:37:41.833 [main] INFO  devp - Successfully clicked on login button
17:37:51.027 [main] INFO  devp - Browser Opened !!
17:37:51.672 [main] INFO  devp - Email id  entered
17:37:52.180 [main] INFO  devp - Password entered
17:37:52.650 [main] INFO  devp - Successfully clicked on login button
17:40:03.916 [main] INFO  devp - Browser Opened !!
17:40:04.144 [main] INFO  devp - Email id  entered
17:40:04.249 [main] INFO  devp - Password  entered
17:40:04.311 [main] INFO  devp - Clicked on login button
17:40:05.130 [main] INFO  devp - Dashboard page verified
17:40:09.935 [main] INFO  devp - Clicked on Automation link
17:40:10.035 [main] INFO  devp - Clicked on create button
17:40:13.381 [main] INFO  devp - Page verified
17:40:13.807 [main] INFO  devp - Name Entered
17:40:13.893 [main] INFO  devp - Click on chose target
17:40:14.764 [main] INFO  devp - Chose target page verified
17:40:17.205 [main] INFO  devp - Select from list
17:40:19.273 [main] INFO  devp - Click on continue button
17:40:19.787 [main] INFO  devp - select end date
17:40:21.554 [main] INFO  devp - Click add campaign button
17:40:22.064 [main] INFO  devp - chose your target is verified
17:40:28.702 [main] INFO  devp - Entered the campaign info
17:40:29.787 [main] INFO  devp - Template is selected
17:40:45.627 [main] INFO  devp - Browser Opened !!
17:40:45.822 [main] INFO  devp - Email id  entered
17:40:45.906 [main] INFO  devp - Password  entered
17:40:45.964 [main] INFO  devp - Clicked on login button
17:40:46.784 [main] INFO  devp - Dashboard page verified
17:40:51.542 [main] INFO  devp - Clicked on Automation link
17:40:51.639 [main] INFO  devp - Clicked on create button
17:40:55.035 [main] INFO  devp - Page verified
17:40:55.492 [main] INFO  devp - Name Entered
17:40:55.568 [main] INFO  devp - Click on chose target
17:40:56.477 [main] INFO  devp - Chose target page verified
17:40:58.951 [main] INFO  devp - Select from list
17:41:01.007 [main] INFO  devp - Click on continue button
17:41:01.541 [main] INFO  devp - select end date
17:41:03.256 [main] INFO  devp - Click add campaign button
17:41:03.821 [main] INFO  devp - chose your target is verified
17:41:10.465 [main] INFO  devp - Entered the campaign info
17:41:11.493 [main] INFO  devp - Template is selected
17:41:41.841 [main] INFO  devp - Browser Opened !!
17:41:42.441 [main] INFO  devp - Email id  entered
17:41:42.953 [main] INFO  devp - Password entered
17:41:43.426 [main] INFO  devp - Successfully clicked on login button
17:41:52.802 [main] INFO  devp - Browser Opened !!
17:41:53.374 [main] INFO  devp - Email id  entered
17:41:53.859 [main] INFO  devp - Password entered
17:41:54.464 [main] INFO  devp - Successfully clicked on login button
17:47:41.369 [main] INFO  devp - Browser Opened !!
17:47:41.594 [main] INFO  devp - Email id  entered
17:47:41.691 [main] INFO  devp - Password  entered
17:47:41.752 [main] INFO  devp - Clicked on login button
17:47:42.635 [main] INFO  devp - Dashboard page verified
17:47:48.561 [main] INFO  devp - Clicked on Automation link
17:47:48.667 [main] INFO  devp - Clicked on create button
17:47:53.102 [main] INFO  devp - Page verified
17:47:53.559 [main] INFO  devp - Name Entered
17:47:53.626 [main] INFO  devp - Click on chose target
17:47:54.606 [main] INFO  devp - Chose target page verified
17:47:57.120 [main] INFO  devp - Select from list
17:47:59.201 [main] INFO  devp - Click on continue button
17:47:59.706 [main] INFO  devp - select end date
17:48:01.432 [main] INFO  devp - Click add campaign button
17:48:01.938 [main] INFO  devp - chose your target is verified
17:48:09.359 [main] INFO  devp - Entered the campaign info
17:48:10.504 [main] INFO  devp - Template is selected
17:48:44.360 [main] INFO  devp - Browser Opened !!
17:48:44.575 [main] INFO  devp - Email id  entered
17:48:44.661 [main] INFO  devp - Password  entered
17:48:44.725 [main] INFO  devp - Clicked on login button
17:48:45.513 [main] INFO  devp - Dashboard page verified
17:48:51.310 [main] INFO  devp - Clicked on Automation link
17:48:51.403 [main] INFO  devp - Clicked on create button
17:48:54.755 [main] INFO  devp - Page verified
17:48:55.213 [main] INFO  devp - Name Entered
17:48:55.281 [main] INFO  devp - Click on chose target
17:48:56.362 [main] INFO  devp - Chose target page verified
17:48:58.875 [main] INFO  devp - Select from list
17:49:00.933 [main] INFO  devp - Click on continue button
17:49:02.049 [main] INFO  devp - select end date
17:49:03.817 [main] INFO  devp - Click add campaign button
17:49:04.327 [main] INFO  devp - chose your target is verified
17:49:11.605 [main] INFO  devp - Entered the campaign info
17:49:12.761 [main] INFO  devp - Template is selected
17:51:10.410 [main] INFO  devp - Browser Opened !!
17:51:10.676 [main] INFO  devp - Email id  entered
17:51:10.788 [main] INFO  devp - Password  entered
17:51:10.857 [main] INFO  devp - Clicked on login button
17:51:11.768 [main] INFO  devp - Dashboard page verified
17:51:17.612 [main] INFO  devp - Clicked on Automation link
17:51:17.727 [main] INFO  devp - Clicked on create button
17:51:21.096 [main] INFO  devp - Page verified
17:51:21.521 [main] INFO  devp - Name Entered
17:51:21.592 [main] INFO  devp - Click on chose target
17:51:22.501 [main] INFO  devp - Chose target page verified
17:51:24.925 [main] INFO  devp - Select from list
17:51:26.987 [main] INFO  devp - Click on continue button
17:51:27.473 [main] INFO  devp - select end date
17:51:29.133 [main] INFO  devp - Click add campaign button
17:51:29.722 [main] INFO  devp - chose your target is verified
17:51:37.015 [main] INFO  devp - Entered the campaign info
17:51:39.167 [main] INFO  devp - Template is selected
17:51:43.468 [main] INFO  devp - Rock on page verified
17:51:58.424 [main] INFO  devp - Browser Opened !!
17:51:58.620 [main] INFO  devp - Email id  entered
17:51:58.706 [main] INFO  devp - Password  entered
17:51:58.758 [main] INFO  devp - Clicked on login button
17:51:59.555 [main] INFO  devp - Dashboard page verified
17:52:05.740 [main] INFO  devp - Clicked on Automation link
17:52:05.826 [main] INFO  devp - Clicked on create button
17:52:09.315 [main] INFO  devp - Page verified
17:52:09.736 [main] INFO  devp - Name Entered
17:52:09.796 [main] INFO  devp - Click on chose target
17:52:10.825 [main] INFO  devp - Chose target page verified
17:52:13.274 [main] INFO  devp - Select from list
17:52:15.340 [main] INFO  devp - Click on continue button
17:52:15.857 [main] INFO  devp - select end date
17:52:17.080 [main] INFO  devp - Click add campaign button
17:52:17.645 [main] INFO  devp - chose your target is verified
17:52:25.309 [main] INFO  devp - Entered the campaign info
17:52:26.446 [main] INFO  devp - Template is selected
17:52:30.159 [main] INFO  devp - Rock on page verified
